<?xml version="1.0" encoding="UTF-8"?>
<testsuite name="hello.jdbc.service.MemberServiceV4Test" tests="1" skipped="0" failures="0" errors="0" timestamp="2024-10-16T13:41:14" hostname="DESKTOP-8VO28N3" time="1.018">
  <properties/>
  <testcase name="정상이체" classname="hello.jdbc.service.MemberServiceV4Test" time="1.018"/>
  <system-out><![CDATA[22:41:12.944 [Test worker] DEBUG o.s.b.t.c.SpringBootTestContextBootstrapper --
                Neither @ContextConfiguration nor @ContextHierarchy found for test class [MemberServiceV4Test]: using SpringBootContextLoader
22:41:12.955 [Test worker] DEBUG o.s.t.c.s.AbstractContextLoader --
                Could not detect default resource locations for test class [hello.jdbc.service.MemberServiceV4Test]: no resource found for suffixes {-context.xml, Context.groovy}.
22:41:12.980 [Test worker] DEBUG o.s.b.t.c.SpringBootTestContextBootstrapper --
                Using ContextCustomizerFactory implementations for test class [MemberServiceV4Test]: [OverrideAutoConfigurationContextCustomizerFactory, ObservabilityContextCustomizerFactory, TypeExcludeFiltersContextCustomizerFactory, PropertyMappingContextCustomizerFactory, WebDriverContextCustomizerFactory, ImportsContextCustomizerFactory, ExcludeFilterContextCustomizerFactory, HttpGraphQlTesterContextCustomizerFactory, DuplicateJsonObjectContextCustomizerFactory, MockitoContextCustomizerFactory, TestRestTemplateContextCustomizerFactory, WebTestClientContextCustomizerFactory, DisableReactorResourceFactoryGlobalResourcesContextCustomizerFactory, MockServerContainerContextCustomizerFactory, DynamicPropertiesContextCustomizerFactory]
22:41:12.999 [Test worker] DEBUG o.s.b.t.c.SpringBootTestContextBootstrapper --
                Using ContextCustomizers for test class [MemberServiceV4Test]: [DisableObservabilityContextCustomizer, PropertyMappingContextCustomizer, WebDriverContextCustomizer, ExcludeFilterContextCustomizer, DuplicateJsonObjectContextCustomizer, MockitoContextCustomizer, TestRestTemplateContextCustomizer]
22:41:13.089 [Test worker] DEBUG o.s.c.a.ClassPathScanningCandidateComponentProvider --
                Identified candidate component class: file [C:\springstudy\jdbc\build\classes\java\main\hello\jdbc\JdbcApplication.class]
22:41:13.091 [Test worker] INFO  o.s.b.t.c.SpringBootTestContextBootstrapper --
                Found @SpringBootConfiguration hello.jdbc.JdbcApplication for test class hello.jdbc.service.MemberServiceV4Test
22:41:13.205 [Test worker] DEBUG o.s.t.c.u.TestContextSpringFactoriesUtils --
                Skipping candidate TestExecutionListener [org.springframework.test.context.web.ServletTestExecutionListener] due to a missing dependency. Specify custom TestExecutionListener classes or make the default TestExecutionListener classes and their required dependencies available. Offending class: jakarta/servlet/ServletContext
22:41:13.211 [Test worker] DEBUG o.s.t.c.u.TestContextSpringFactoriesUtils --
                Skipping candidate TestExecutionListener [org.springframework.test.context.observation.MicrometerObservationRegistryTestExecutionListener] due to a missing dependency. Specify custom TestExecutionListener classes or make the default TestExecutionListener classes and their required dependencies available. Offending class: io.micrometer.context.ThreadLocalAccessor. MicrometerObservationRegistryTestExecutionListener requires io.micrometer:micrometer-observation:1.10.8 or higher and io.micrometer:context-propagation:1.0.3 or higher.
22:41:13.221 [Test worker] DEBUG o.s.b.t.c.SpringBootTestContextBootstrapper --
                Using TestExecutionListeners for test class [MemberServiceV4Test]: [DirtiesContextBeforeModesTestExecutionListener, ApplicationEventsTestExecutionListener, MockitoTestExecutionListener, DependencyInjectionTestExecutionListener, DirtiesContextTestExecutionListener, TransactionalTestExecutionListener, SqlScriptsTestExecutionListener, EventPublishingTestExecutionListener, RestDocsTestExecutionListener, MockRestServiceServerResetTestExecutionListener, MockMvcPrintOnlyOnFailureTestExecutionListener, WebDriverTestExecutionListener, MockWebServiceServerTestExecutionListener, ResetMocksTestExecutionListener]
22:41:13.223 [Test worker] DEBUG o.s.t.c.s.DirtiesContextBeforeModesTestExecutionListener --
                Before test class: class [MemberServiceV4Test], class annotated with @DirtiesContext [false] with mode [null]
22:41:13.237 [Test worker] DEBUG o.s.t.c.s.DependencyInjectionTestExecutionListener --
                Performing dependency injection for test class hello.jdbc.service.MemberServiceV4Test

  .   ____          _            __ _ _
 /\\ / ___'_ __ _ _(_)_ __  __ _ \ \ \ \
( ( )\___ | '_ | '_| | '_ \/ _` | \ \ \ \
 \\/  ___)| |_)| | | | | || (_| |  ) ) ) )
  '  |____| .__|_| |_|_| |_\__, | / / / /
 =========|_|==============|___/=/_/_/_/

 :: Spring Boot ::                (v3.3.3)

22:41:13.511 [Test worker] INFO  h.jdbc.service.MemberServiceV4Test --
                Starting MemberServiceV4Test using Java 17.0.12 with PID 13632 (started by USER in C:\springstudy\jdbc)
22:41:13.512 [Test worker] INFO  h.jdbc.service.MemberServiceV4Test --
                No active profile set, falling back to 1 default profile: "default"
22:41:14.487 [Test worker] INFO  h.jdbc.service.MemberServiceV4Test --
                Started MemberServiceV4Test in 1.205 seconds (process running for 2.673)
22:41:15.301 [Test worker] INFO  com.zaxxer.hikari.HikariDataSource --
                HikariPool-1 - Starting...
22:41:15.389 [Test worker] INFO  com.zaxxer.hikari.pool.HikariPool --
                HikariPool-1 - Added connection conn0: url=jdbc:h2:tcp://localhost/~/test user=SA
22:41:15.391 [Test worker] INFO  com.zaxxer.hikari.HikariDataSource --
                HikariPool-1 - Start completed.
]]></system-out>
  <system-err><![CDATA[]]></system-err>
</testsuite>
