<?xml version="1.0" encoding="UTF-8"?>
<testsuite name="hello.jdbc.repository.MemberRepositoryV1Test" tests="1" skipped="0" failures="0" errors="0" timestamp="2024-09-14T05:51:41" hostname="DESKTOP-8VO28N3" time="0.353">
  <properties/>
  <testcase name="crud()" classname="hello.jdbc.repository.MemberRepositoryV1Test" time="0.353"/>
  <system-out><![CDATA[14:51:41.325 [Test worker] INFO  h.jdbc.connection.DBConnectionUtil --
                get connection=conn0: url=jdbc:h2:tcp://localhost/~/test user=SA, class=class org.h2.jdbc.JdbcConnection
14:51:41.346 [Test worker] INFO  h.j.r.MemberRepositoryV1Test --
                member = Member(memberId=member0, money=10000)
14:51:41.356 [Test worker] INFO  h.jdbc.connection.DBConnectionUtil --
                get connection=conn1: url=jdbc:h2:tcp://localhost/~/test user=SA, class=class org.h2.jdbc.JdbcConnection
14:51:41.447 [Test worker] INFO  h.jdbc.connection.DBConnectionUtil --
                get connection=conn2: url=jdbc:h2:tcp://localhost/~/test user=SA, class=class org.h2.jdbc.JdbcConnection
14:51:41.451 [Test worker] INFO  h.jdbc.repository.MemberRepositoryVO --
                result = 1
14:51:41.458 [Test worker] INFO  h.jdbc.connection.DBConnectionUtil --
                get connection=conn3: url=jdbc:h2:tcp://localhost/~/test user=SA, class=class org.h2.jdbc.JdbcConnection
14:51:41.470 [Test worker] INFO  h.jdbc.connection.DBConnectionUtil --
                get connection=conn4: url=jdbc:h2:tcp://localhost/~/test user=SA, class=class org.h2.jdbc.JdbcConnection
14:51:41.471 [Test worker] INFO  h.jdbc.repository.MemberRepositoryVO --
                result = 1
14:51:41.479 [Test worker] INFO  h.jdbc.connection.DBConnectionUtil --
                get connection=conn5: url=jdbc:h2:tcp://localhost/~/test user=SA, class=class org.h2.jdbc.JdbcConnection
]]></system-out>
  <system-err><![CDATA[]]></system-err>
</testsuite>
