<?xml version="1.0" encoding="UTF-8"?>
<testsuite name="hello.jdbc.service.MemberServiceV1Test" tests="1" skipped="0" failures="1" errors="0" timestamp="2024-09-14T06:49:17" hostname="DESKTOP-8VO28N3" time="0.347">
  <properties/>
  <testcase name="이체 오류" classname="hello.jdbc.service.MemberServiceV1Test" time="0.347">
    <failure message="org.h2.jdbc.JdbcSQLIntegrityConstraintViolationException: Unique index or primary key violation: &quot;PUBLIC.PRIMARY_KEY_8 ON PUBLIC.MEMBER(MEMBER_ID) VALUES ( /* 17 */ 'A' )&quot;; SQL statement:&#10;insert into member(member_id, money) values (?, ?) [23505-232]&#13;&#10;&#9;at org.h2.message.DbException.getJdbcSQLException(DbException.java:520)&#13;&#10;&#9;at org.h2.message.DbException.getJdbcSQLException(DbException.java:489)&#13;&#10;&#9;at org.h2.message.DbException.get(DbException.java:223)&#13;&#10;&#9;at org.h2.message.DbException.get(DbException.java:199)&#13;&#10;&#9;at org.h2.index.Index.getDuplicateKeyException(Index.java:523)&#13;&#10;&#9;at org.h2.mvstore.db.MVSecondaryIndex.checkUnique(MVSecondaryIndex.java:223)&#13;&#10;&#9;at org.h2.mvstore.db.MVSecondaryIndex.add(MVSecondaryIndex.java:184)&#13;&#10;&#9;at org.h2.mvstore.db.MVTable.addRow(MVTable.java:517)&#13;&#10;&#9;at org.h2.command.dml.Insert.insertRows(Insert.java:174)&#13;&#10;&#9;at org.h2.command.dml.Insert.update(Insert.java:135)&#13;&#10;&#9;at org.h2.command.dml.DataChangeStatement.update(DataChangeStatement.java:74)&#13;&#10;&#9;at org.h2.command.CommandContainer.update(CommandContainer.java:139)&#13;&#10;&#9;at org.h2.command.Command.executeUpdate(Command.java:304)&#13;&#10;&#9;at org.h2.command.Command.executeUpdate(Command.java:248)&#13;&#10;&#9;at org.h2.server.TcpServerThread.process(TcpServerThread.java:386)&#13;&#10;&#9;at org.h2.server.TcpServerThread.run(TcpServerThread.java:193)&#13;&#10;&#9;at java.base/java.lang.Thread.run(Thread.java:842)&#13;&#10;" type="org.h2.jdbc.JdbcSQLIntegrityConstraintViolationException">org.h2.jdbc.JdbcSQLIntegrityConstraintViolationException: Unique index or primary key violation: &quot;PUBLIC.PRIMARY_KEY_8 ON PUBLIC.MEMBER(MEMBER_ID) VALUES ( /* 17 */ 'A' )&quot;; SQL statement:
insert into member(member_id, money) values (?, ?) [23505-232]
	at org.h2.message.DbException.getJdbcSQLException(DbException.java:520)
	at org.h2.message.DbException.getJdbcSQLException(DbException.java:489)
	at org.h2.message.DbException.get(DbException.java:223)
	at org.h2.message.DbException.get(DbException.java:199)
	at org.h2.index.Index.getDuplicateKeyException(Index.java:523)
	at org.h2.mvstore.db.MVSecondaryIndex.checkUnique(MVSecondaryIndex.java:223)
	at org.h2.mvstore.db.MVSecondaryIndex.add(MVSecondaryIndex.java:184)
	at org.h2.mvstore.db.MVTable.addRow(MVTable.java:517)
	at org.h2.command.dml.Insert.insertRows(Insert.java:174)
	at org.h2.command.dml.Insert.update(Insert.java:135)
	at org.h2.command.dml.DataChangeStatement.update(DataChangeStatement.java:74)
	at org.h2.command.CommandContainer.update(CommandContainer.java:139)
	at org.h2.command.Command.executeUpdate(Command.java:304)
	at org.h2.command.Command.executeUpdate(Command.java:248)
	at org.h2.server.TcpServerThread.process(TcpServerThread.java:386)
	at org.h2.server.TcpServerThread.run(TcpServerThread.java:193)
	at java.base/java.lang.Thread.run(Thread.java:842)

	at app//org.h2.message.DbException.getJdbcSQLException(DbException.java:520)
	at app//org.h2.engine.SessionRemote.readException(SessionRemote.java:650)
	at app//org.h2.engine.SessionRemote.done(SessionRemote.java:619)
	at app//org.h2.command.CommandRemote.executeUpdate(CommandRemote.java:237)
	at app//org.h2.jdbc.JdbcPreparedStatement.executeUpdateInternal(JdbcPreparedStatement.java:216)
	at app//org.h2.jdbc.JdbcPreparedStatement.executeUpdate(JdbcPreparedStatement.java:174)
	at app//hello.jdbc.repository.MemberRepositoryV1.save(MemberRepositoryV1.java:32)
	at app//hello.jdbc.service.MemberServiceV1Test.transferTest2(MemberServiceV1Test.java:58)
	at java.base@17.0.12/java.lang.reflect.Method.invoke(Method.java:568)
	at java.base@17.0.12/java.util.ArrayList.forEach(ArrayList.java:1511)
	at java.base@17.0.12/java.util.ArrayList.forEach(ArrayList.java:1511)
</failure>
  </testcase>
  <system-out><![CDATA[15:49:17.552 [Test worker] DEBUG o.s.j.d.DriverManagerDataSource --
                Creating new JDBC DriverManager Connection to [jdbc:h2:tcp://localhost/~/test]
15:49:17.627 [Test worker] INFO  h.jdbc.repository.MemberRepositoryV1 --
                connection = conn0: url=jdbc:h2:tcp://localhost/~/test user=SA ,class = class org.h2.jdbc.JdbcConnection
15:49:17.635 [Test worker] ERROR h.jdbc.repository.MemberRepositoryV1 --
                db error
org.h2.jdbc.JdbcSQLIntegrityConstraintViolationException: Unique index or primary key violation: "PUBLIC.PRIMARY_KEY_8 ON PUBLIC.MEMBER(MEMBER_ID) VALUES ( /* 17 */ 'A' )"; SQL statement:
insert into member(member_id, money) values (?, ?) [23505-224]
	at org.h2.message.DbException.getJdbcSQLException(DbException.java:520)
	at org.h2.engine.SessionRemote.readException(SessionRemote.java:650)
	at org.h2.engine.SessionRemote.done(SessionRemote.java:619)
	at org.h2.command.CommandRemote.executeUpdate(CommandRemote.java:237)
	at org.h2.jdbc.JdbcPreparedStatement.executeUpdateInternal(JdbcPreparedStatement.java:216)
	at org.h2.jdbc.JdbcPreparedStatement.executeUpdate(JdbcPreparedStatement.java:174)
	at hello.jdbc.repository.MemberRepositoryV1.save(MemberRepositoryV1.java:32)
	at hello.jdbc.service.MemberServiceV1Test.transferTest2(MemberServiceV1Test.java:58)
	at java.base/jdk.internal.reflect.NativeMethodAccessorImpl.invoke0(Native Method)
	at java.base/jdk.internal.reflect.NativeMethodAccessorImpl.invoke(NativeMethodAccessorImpl.java:77)
	at java.base/jdk.internal.reflect.DelegatingMethodAccessorImpl.invoke(DelegatingMethodAccessorImpl.java:43)
	at java.base/java.lang.reflect.Method.invoke(Method.java:568)
	at org.junit.platform.commons.util.ReflectionUtils.invokeMethod(ReflectionUtils.java:728)
	at org.junit.jupiter.engine.execution.MethodInvocation.proceed(MethodInvocation.java:60)
	at org.junit.jupiter.engine.execution.InvocationInterceptorChain$ValidatingInvocation.proceed(InvocationInterceptorChain.java:131)
	at org.junit.jupiter.engine.extension.TimeoutExtension.intercept(TimeoutExtension.java:156)
	at org.junit.jupiter.engine.extension.TimeoutExtension.interceptTestableMethod(TimeoutExtension.java:147)
	at org.junit.jupiter.engine.extension.TimeoutExtension.interceptTestMethod(TimeoutExtension.java:86)
	at org.junit.jupiter.engine.execution.InterceptingExecutableInvoker$ReflectiveInterceptorCall.lambda$ofVoidMethod$0(InterceptingExecutableInvoker.java:103)
	at org.junit.jupiter.engine.execution.InterceptingExecutableInvoker.lambda$invoke$0(InterceptingExecutableInvoker.java:93)
	at org.junit.jupiter.engine.execution.InvocationInterceptorChain$InterceptedInvocation.proceed(InvocationInterceptorChain.java:106)
	at org.junit.jupiter.engine.execution.InvocationInterceptorChain.proceed(InvocationInterceptorChain.java:64)
	at org.junit.jupiter.engine.execution.InvocationInterceptorChain.chainAndInvoke(InvocationInterceptorChain.java:45)
	at org.junit.jupiter.engine.execution.InvocationInterceptorChain.invoke(InvocationInterceptorChain.java:37)
	at org.junit.jupiter.engine.execution.InterceptingExecutableInvoker.invoke(InterceptingExecutableInvoker.java:92)
	at org.junit.jupiter.engine.execution.InterceptingExecutableInvoker.invoke(InterceptingExecutableInvoker.java:86)
	at org.junit.jupiter.engine.descriptor.TestMethodTestDescriptor.lambda$invokeTestMethod$7(TestMethodTestDescriptor.java:218)
	at org.junit.platform.engine.support.hierarchical.ThrowableCollector.execute(ThrowableCollector.java:73)
	at org.junit.jupiter.engine.descriptor.TestMethodTestDescriptor.invokeTestMethod(TestMethodTestDescriptor.java:214)
	at org.junit.jupiter.engine.descriptor.TestMethodTestDescriptor.execute(TestMethodTestDescriptor.java:139)
	at org.junit.jupiter.engine.descriptor.TestMethodTestDescriptor.execute(TestMethodTestDescriptor.java:69)
	at org.junit.platform.engine.support.hierarchical.NodeTestTask.lambda$executeRecursively$6(NodeTestTask.java:151)
	at org.junit.platform.engine.support.hierarchical.ThrowableCollector.execute(ThrowableCollector.java:73)
	at org.junit.platform.engine.support.hierarchical.NodeTestTask.lambda$executeRecursively$8(NodeTestTask.java:141)
	at org.junit.platform.engine.support.hierarchical.Node.around(Node.java:137)
	at org.junit.platform.engine.support.hierarchical.NodeTestTask.lambda$executeRecursively$9(NodeTestTask.java:139)
	at org.junit.platform.engine.support.hierarchical.ThrowableCollector.execute(ThrowableCollector.java:73)
	at org.junit.platform.engine.support.hierarchical.NodeTestTask.executeRecursively(NodeTestTask.java:138)
	at org.junit.platform.engine.support.hierarchical.NodeTestTask.execute(NodeTestTask.java:95)
	at java.base/java.util.ArrayList.forEach(ArrayList.java:1511)
	at org.junit.platform.engine.support.hierarchical.SameThreadHierarchicalTestExecutorService.invokeAll(SameThreadHierarchicalTestExecutorService.java:41)
	at org.junit.platform.engine.support.hierarchical.NodeTestTask.lambda$executeRecursively$6(NodeTestTask.java:155)
	at org.junit.platform.engine.support.hierarchical.ThrowableCollector.execute(ThrowableCollector.java:73)
	at org.junit.platform.engine.support.hierarchical.NodeTestTask.lambda$executeRecursively$8(NodeTestTask.java:141)
	at org.junit.platform.engine.support.hierarchical.Node.around(Node.java:137)
	at org.junit.platform.engine.support.hierarchical.NodeTestTask.lambda$executeRecursively$9(NodeTestTask.java:139)
	at org.junit.platform.engine.support.hierarchical.ThrowableCollector.execute(ThrowableCollector.java:73)
	at org.junit.platform.engine.support.hierarchical.NodeTestTask.executeRecursively(NodeTestTask.java:138)
	at org.junit.platform.engine.support.hierarchical.NodeTestTask.execute(NodeTestTask.java:95)
	at java.base/java.util.ArrayList.forEach(ArrayList.java:1511)
	at org.junit.platform.engine.support.hierarchical.SameThreadHierarchicalTestExecutorService.invokeAll(SameThreadHierarchicalTestExecutorService.java:41)
	at org.junit.platform.engine.support.hierarchical.NodeTestTask.lambda$executeRecursively$6(NodeTestTask.java:155)
	at org.junit.platform.engine.support.hierarchical.ThrowableCollector.execute(ThrowableCollector.java:73)
	at org.junit.platform.engine.support.hierarchical.NodeTestTask.lambda$executeRecursively$8(NodeTestTask.java:141)
	at org.junit.platform.engine.support.hierarchical.Node.around(Node.java:137)
	at org.junit.platform.engine.support.hierarchical.NodeTestTask.lambda$executeRecursively$9(NodeTestTask.java:139)
	at org.junit.platform.engine.support.hierarchical.ThrowableCollector.execute(ThrowableCollector.java:73)
	at org.junit.platform.engine.support.hierarchical.NodeTestTask.executeRecursively(NodeTestTask.java:138)
	at org.junit.platform.engine.support.hierarchical.NodeTestTask.execute(NodeTestTask.java:95)
	at org.junit.platform.engine.support.hierarchical.SameThreadHierarchicalTestExecutorService.submit(SameThreadHierarchicalTestExecutorService.java:35)
	at org.junit.platform.engine.support.hierarchical.HierarchicalTestExecutor.execute(HierarchicalTestExecutor.java:57)
	at org.junit.platform.engine.support.hierarchical.HierarchicalTestEngine.execute(HierarchicalTestEngine.java:54)
	at org.junit.platform.launcher.core.EngineExecutionOrchestrator.execute(EngineExecutionOrchestrator.java:198)
	at org.junit.platform.launcher.core.EngineExecutionOrchestrator.execute(EngineExecutionOrchestrator.java:169)
	at org.junit.platform.launcher.core.EngineExecutionOrchestrator.execute(EngineExecutionOrchestrator.java:93)
	at org.junit.platform.launcher.core.EngineExecutionOrchestrator.lambda$execute$0(EngineExecutionOrchestrator.java:58)
	at org.junit.platform.launcher.core.EngineExecutionOrchestrator.withInterceptedStreams(EngineExecutionOrchestrator.java:141)
	at org.junit.platform.launcher.core.EngineExecutionOrchestrator.execute(EngineExecutionOrchestrator.java:57)
	at org.junit.platform.launcher.core.DefaultLauncher.execute(DefaultLauncher.java:103)
	at org.junit.platform.launcher.core.DefaultLauncher.execute(DefaultLauncher.java:85)
	at org.junit.platform.launcher.core.DelegatingLauncher.execute(DelegatingLauncher.java:47)
	at org.gradle.api.internal.tasks.testing.junitplatform.JUnitPlatformTestClassProcessor$CollectAllTestClassesExecutor.processAllTestClasses(JUnitPlatformTestClassProcessor.java:124)
	at org.gradle.api.internal.tasks.testing.junitplatform.JUnitPlatformTestClassProcessor$CollectAllTestClassesExecutor.access$000(JUnitPlatformTestClassProcessor.java:99)
	at org.gradle.api.internal.tasks.testing.junitplatform.JUnitPlatformTestClassProcessor.stop(JUnitPlatformTestClassProcessor.java:94)
	at org.gradle.api.internal.tasks.testing.SuiteTestClassProcessor.stop(SuiteTestClassProcessor.java:63)
	at java.base/jdk.internal.reflect.NativeMethodAccessorImpl.invoke0(Native Method)
	at java.base/jdk.internal.reflect.NativeMethodAccessorImpl.invoke(NativeMethodAccessorImpl.java:77)
	at java.base/jdk.internal.reflect.DelegatingMethodAccessorImpl.invoke(DelegatingMethodAccessorImpl.java:43)
	at java.base/java.lang.reflect.Method.invoke(Method.java:568)
	at org.gradle.internal.dispatch.ReflectionDispatch.dispatch(ReflectionDispatch.java:36)
	at org.gradle.internal.dispatch.ReflectionDispatch.dispatch(ReflectionDispatch.java:24)
	at org.gradle.internal.dispatch.ContextClassLoaderDispatch.dispatch(ContextClassLoaderDispatch.java:33)
	at org.gradle.internal.dispatch.ProxyDispatchAdapter$DispatchingInvocationHandler.invoke(ProxyDispatchAdapter.java:92)
	at jdk.proxy1/jdk.proxy1.$Proxy4.stop(Unknown Source)
	at org.gradle.api.internal.tasks.testing.worker.TestWorker$3.run(TestWorker.java:200)
	at org.gradle.api.internal.tasks.testing.worker.TestWorker.executeAndMaintainThreadName(TestWorker.java:132)
	at org.gradle.api.internal.tasks.testing.worker.TestWorker.execute(TestWorker.java:103)
	at org.gradle.api.internal.tasks.testing.worker.TestWorker.execute(TestWorker.java:63)
	at org.gradle.process.internal.worker.child.ActionExecutionWorker.execute(ActionExecutionWorker.java:56)
	at org.gradle.process.internal.worker.child.SystemApplicationClassLoaderWorker.call(SystemApplicationClassLoaderWorker.java:121)
	at org.gradle.process.internal.worker.child.SystemApplicationClassLoaderWorker.call(SystemApplicationClassLoaderWorker.java:71)
	at worker.org.gradle.process.internal.worker.GradleWorkerMain.run(GradleWorkerMain.java:69)
	at worker.org.gradle.process.internal.worker.GradleWorkerMain.main(GradleWorkerMain.java:74)
15:49:17.658 [Test worker] DEBUG o.s.j.d.DriverManagerDataSource --
                Creating new JDBC DriverManager Connection to [jdbc:h2:tcp://localhost/~/test]
15:49:17.664 [Test worker] INFO  h.jdbc.repository.MemberRepositoryV1 --
                connection = conn1: url=jdbc:h2:tcp://localhost/~/test user=SA ,class = class org.h2.jdbc.JdbcConnection
15:49:17.666 [Test worker] INFO  h.jdbc.repository.MemberRepositoryV1 --
                result = 1
15:49:17.667 [Test worker] DEBUG o.s.j.d.DriverManagerDataSource --
                Creating new JDBC DriverManager Connection to [jdbc:h2:tcp://localhost/~/test]
15:49:17.672 [Test worker] INFO  h.jdbc.repository.MemberRepositoryV1 --
                connection = conn2: url=jdbc:h2:tcp://localhost/~/test user=SA ,class = class org.h2.jdbc.JdbcConnection
15:49:17.673 [Test worker] INFO  h.jdbc.repository.MemberRepositoryV1 --
                result = 0
15:49:17.675 [Test worker] DEBUG o.s.j.d.DriverManagerDataSource --
                Creating new JDBC DriverManager Connection to [jdbc:h2:tcp://localhost/~/test]
15:49:17.678 [Test worker] INFO  h.jdbc.repository.MemberRepositoryV1 --
                connection = conn3: url=jdbc:h2:tcp://localhost/~/test user=SA ,class = class org.h2.jdbc.JdbcConnection
15:49:17.679 [Test worker] INFO  h.jdbc.repository.MemberRepositoryV1 --
                result = 1
]]></system-out>
  <system-err><![CDATA[]]></system-err>
</testsuite>
